2020-04-29 09:36:52.718  WARN 11036 --- [main] JpaBaseConfiguration$JpaWebConfiguration : spring.jpa.open-in-view is enabled by default. Therefore, database queries may be performed during view rendering. Explicitly configure spring.jpa.open-in-view to disable this warning
2020-04-29 15:57:52.314  WARN 20700 --- [main] JpaBaseConfiguration$JpaWebConfiguration : spring.jpa.open-in-view is enabled by default. Therefore, database queries may be performed during view rendering. Explicitly configure spring.jpa.open-in-view to disable this warning
2020-04-29 15:57:59.501  WARN 20700 --- [boundedElastic-1] o.s.b.a.r.RedisReactiveHealthIndicator   : Redis health check failed

org.springframework.data.redis.RedisConnectionFailureException: Unable to connect to Redis; nested exception is io.lettuce.core.RedisConnectionException: Unable to connect to localhost:6379
	at org.springframework.data.redis.connection.lettuce.LettuceConnectionFactory$SharedConnection.getNativeConnection(LettuceConnectionFactory.java:1200) ~[spring-data-redis-2.2.1.RELEASE.jar:2.2.1.RELEASE]
	at org.springframework.data.redis.connection.lettuce.LettuceConnectionFactory$SharedConnection.getConnection(LettuceConnectionFactory.java:1179) ~[spring-data-redis-2.2.1.RELEASE.jar:2.2.1.RELEASE]
	at org.springframework.data.redis.connection.lettuce.LettuceConnectionFactory.getSharedReactiveConnection(LettuceConnectionFactory.java:952) ~[spring-data-redis-2.2.1.RELEASE.jar:2.2.1.RELEASE]
	at org.springframework.data.redis.connection.lettuce.LettuceConnectionFactory.getReactiveConnection(LettuceConnectionFactory.java:429) ~[spring-data-redis-2.2.1.RELEASE.jar:2.2.1.RELEASE]
	at org.springframework.data.redis.connection.lettuce.LettuceConnectionFactory.getReactiveConnection(LettuceConnectionFactory.java:94) ~[spring-data-redis-2.2.1.RELEASE.jar:2.2.1.RELEASE]
	at reactor.core.publisher.MonoSupplier.call(MonoSupplier.java:85) ~[reactor-core-3.3.0.RELEASE.jar:3.3.0.RELEASE]
	at reactor.core.publisher.FluxSubscribeOnCallable$CallableSubscribeOnSubscription.run(FluxSubscribeOnCallable.java:225) ~[reactor-core-3.3.0.RELEASE.jar:3.3.0.RELEASE]
	at reactor.core.scheduler.SchedulerTask.call(SchedulerTask.java:68) ~[reactor-core-3.3.0.RELEASE.jar:3.3.0.RELEASE]
	at reactor.core.scheduler.SchedulerTask.call(SchedulerTask.java:28) ~[reactor-core-3.3.0.RELEASE.jar:3.3.0.RELEASE]
	at java.util.concurrent.FutureTask.run(FutureTask.java:266) ~[na:1.8.0_232]
	at java.util.concurrent.ScheduledThreadPoolExecutor$ScheduledFutureTask.access$201(ScheduledThreadPoolExecutor.java:180) ~[na:1.8.0_232]
	at java.util.concurrent.ScheduledThreadPoolExecutor$ScheduledFutureTask.run(ScheduledThreadPoolExecutor.java:293) ~[na:1.8.0_232]
	at java.util.concurrent.ThreadPoolExecutor.runWorker(ThreadPoolExecutor.java:1149) ~[na:1.8.0_232]
	at java.util.concurrent.ThreadPoolExecutor$Worker.run(ThreadPoolExecutor.java:624) ~[na:1.8.0_232]
	at java.lang.Thread.run(Thread.java:748) ~[na:1.8.0_232]
Caused by: io.lettuce.core.RedisConnectionException: Unable to connect to localhost:6379
	at io.lettuce.core.RedisConnectionException.create(RedisConnectionException.java:78) ~[lettuce-core-5.2.1.RELEASE.jar:5.2.1.RELEASE]
	at io.lettuce.core.RedisConnectionException.create(RedisConnectionException.java:56) ~[lettuce-core-5.2.1.RELEASE.jar:5.2.1.RELEASE]
	at io.lettuce.core.AbstractRedisClient.getConnection(AbstractRedisClient.java:234) ~[lettuce-core-5.2.1.RELEASE.jar:5.2.1.RELEASE]
	at io.lettuce.core.RedisClient.connect(RedisClient.java:207) ~[lettuce-core-5.2.1.RELEASE.jar:5.2.1.RELEASE]
	at org.springframework.data.redis.connection.lettuce.StandaloneConnectionProvider.lambda$getConnection$1(StandaloneConnectionProvider.java:115) ~[spring-data-redis-2.2.1.RELEASE.jar:2.2.1.RELEASE]
	at java.util.Optional.orElseGet(Optional.java:267) ~[na:1.8.0_232]
	at org.springframework.data.redis.connection.lettuce.StandaloneConnectionProvider.getConnection(StandaloneConnectionProvider.java:115) ~[spring-data-redis-2.2.1.RELEASE.jar:2.2.1.RELEASE]
	at org.springframework.data.redis.connection.lettuce.LettuceConnectionFactory$SharedConnection.getNativeConnection(LettuceConnectionFactory.java:1198) ~[spring-data-redis-2.2.1.RELEASE.jar:2.2.1.RELEASE]
	... 14 common frames omitted
Caused by: io.netty.channel.AbstractChannel$AnnotatedConnectException: Connection refused: no further information: localhost/127.0.0.1:6379
Caused by: java.net.ConnectException: Connection refused: no further information
	at sun.nio.ch.SocketChannelImpl.checkConnect(Native Method) ~[na:1.8.0_232]
	at sun.nio.ch.SocketChannelImpl.finishConnect(SocketChannelImpl.java:717) ~[na:1.8.0_232]
	at io.netty.channel.socket.nio.NioSocketChannel.doFinishConnect(NioSocketChannel.java:330) ~[netty-transport-4.1.43.Final.jar:4.1.43.Final]
	at io.netty.channel.nio.AbstractNioChannel$AbstractNioUnsafe.finishConnect(AbstractNioChannel.java:334) ~[netty-transport-4.1.43.Final.jar:4.1.43.Final]
	at io.netty.channel.nio.NioEventLoop.processSelectedKey(NioEventLoop.java:688) ~[netty-transport-4.1.43.Final.jar:4.1.43.Final]
	at io.netty.channel.nio.NioEventLoop.processSelectedKeysOptimized(NioEventLoop.java:635) ~[netty-transport-4.1.43.Final.jar:4.1.43.Final]
	at io.netty.channel.nio.NioEventLoop.processSelectedKeys(NioEventLoop.java:552) ~[netty-transport-4.1.43.Final.jar:4.1.43.Final]
	at io.netty.channel.nio.NioEventLoop.run(NioEventLoop.java:514) ~[netty-transport-4.1.43.Final.jar:4.1.43.Final]
	at io.netty.util.concurrent.SingleThreadEventExecutor$6.run(SingleThreadEventExecutor.java:1050) ~[netty-common-4.1.43.Final.jar:4.1.43.Final]
	at io.netty.util.internal.ThreadExecutorMap$2.run(ThreadExecutorMap.java:74) ~[netty-common-4.1.43.Final.jar:4.1.43.Final]
	at io.netty.util.concurrent.FastThreadLocalRunnable.run(FastThreadLocalRunnable.java:30) ~[netty-common-4.1.43.Final.jar:4.1.43.Final]
	at java.lang.Thread.run(Thread.java:748) ~[na:1.8.0_232]

2020-04-29 16:35:52.809  WARN 20700 --- [HikariPool-1 housekeeper] com.zaxxer.hikari.pool.HikariPool        : HikariPool-1 - Thread starvation or clock leap detected (housekeeper delta=2m1s543ms673µs999ns).
2020-04-29 16:38:05.002  WARN 20700 --- [boundedElastic-2] o.s.b.a.r.RedisReactiveHealthIndicator   : Redis health check failed

org.springframework.data.redis.RedisConnectionFailureException: Unable to connect to Redis; nested exception is io.lettuce.core.RedisConnectionException: Unable to connect to localhost:6379
	at org.springframework.data.redis.connection.lettuce.LettuceConnectionFactory$SharedConnection.getNativeConnection(LettuceConnectionFactory.java:1200) ~[spring-data-redis-2.2.1.RELEASE.jar:2.2.1.RELEASE]
	at org.springframework.data.redis.connection.lettuce.LettuceConnectionFactory$SharedConnection.getConnection(LettuceConnectionFactory.java:1179) ~[spring-data-redis-2.2.1.RELEASE.jar:2.2.1.RELEASE]
	at org.springframework.data.redis.connection.lettuce.LettuceConnectionFactory.getSharedReactiveConnection(LettuceConnectionFactory.java:952) ~[spring-data-redis-2.2.1.RELEASE.jar:2.2.1.RELEASE]
	at org.springframework.data.redis.connection.lettuce.LettuceConnectionFactory.getReactiveConnection(LettuceConnectionFactory.java:429) ~[spring-data-redis-2.2.1.RELEASE.jar:2.2.1.RELEASE]
	at org.springframework.data.redis.connection.lettuce.LettuceConnectionFactory.getReactiveConnection(LettuceConnectionFactory.java:94) ~[spring-data-redis-2.2.1.RELEASE.jar:2.2.1.RELEASE]
	at reactor.core.publisher.MonoSupplier.call(MonoSupplier.java:85) ~[reactor-core-3.3.0.RELEASE.jar:3.3.0.RELEASE]
	at reactor.core.publisher.FluxSubscribeOnCallable$CallableSubscribeOnSubscription.run(FluxSubscribeOnCallable.java:225) ~[reactor-core-3.3.0.RELEASE.jar:3.3.0.RELEASE]
	at reactor.core.scheduler.SchedulerTask.call(SchedulerTask.java:68) ~[reactor-core-3.3.0.RELEASE.jar:3.3.0.RELEASE]
	at reactor.core.scheduler.SchedulerTask.call(SchedulerTask.java:28) ~[reactor-core-3.3.0.RELEASE.jar:3.3.0.RELEASE]
	at java.util.concurrent.FutureTask.run(FutureTask.java:266) ~[na:1.8.0_232]
	at java.util.concurrent.ScheduledThreadPoolExecutor$ScheduledFutureTask.access$201(ScheduledThreadPoolExecutor.java:180) ~[na:1.8.0_232]
	at java.util.concurrent.ScheduledThreadPoolExecutor$ScheduledFutureTask.run(ScheduledThreadPoolExecutor.java:293) ~[na:1.8.0_232]
	at java.util.concurrent.ThreadPoolExecutor.runWorker(ThreadPoolExecutor.java:1149) ~[na:1.8.0_232]
	at java.util.concurrent.ThreadPoolExecutor$Worker.run(ThreadPoolExecutor.java:624) ~[na:1.8.0_232]
	at java.lang.Thread.run(Thread.java:748) ~[na:1.8.0_232]
Caused by: io.lettuce.core.RedisConnectionException: Unable to connect to localhost:6379
	at io.lettuce.core.RedisConnectionException.create(RedisConnectionException.java:78) ~[lettuce-core-5.2.1.RELEASE.jar:5.2.1.RELEASE]
	at io.lettuce.core.RedisConnectionException.create(RedisConnectionException.java:56) ~[lettuce-core-5.2.1.RELEASE.jar:5.2.1.RELEASE]
	at io.lettuce.core.AbstractRedisClient.getConnection(AbstractRedisClient.java:234) ~[lettuce-core-5.2.1.RELEASE.jar:5.2.1.RELEASE]
	at io.lettuce.core.RedisClient.connect(RedisClient.java:207) ~[lettuce-core-5.2.1.RELEASE.jar:5.2.1.RELEASE]
	at org.springframework.data.redis.connection.lettuce.StandaloneConnectionProvider.lambda$getConnection$1(StandaloneConnectionProvider.java:115) ~[spring-data-redis-2.2.1.RELEASE.jar:2.2.1.RELEASE]
	at java.util.Optional.orElseGet(Optional.java:267) ~[na:1.8.0_232]
	at org.springframework.data.redis.connection.lettuce.StandaloneConnectionProvider.getConnection(StandaloneConnectionProvider.java:115) ~[spring-data-redis-2.2.1.RELEASE.jar:2.2.1.RELEASE]
	at org.springframework.data.redis.connection.lettuce.LettuceConnectionFactory$SharedConnection.getNativeConnection(LettuceConnectionFactory.java:1198) ~[spring-data-redis-2.2.1.RELEASE.jar:2.2.1.RELEASE]
	... 14 common frames omitted
Caused by: io.netty.channel.AbstractChannel$AnnotatedConnectException: Connection refused: no further information: localhost/127.0.0.1:6379
Caused by: java.net.ConnectException: Connection refused: no further information
	at sun.nio.ch.SocketChannelImpl.checkConnect(Native Method) ~[na:1.8.0_232]
	at sun.nio.ch.SocketChannelImpl.finishConnect(SocketChannelImpl.java:717) ~[na:1.8.0_232]
	at io.netty.channel.socket.nio.NioSocketChannel.doFinishConnect(NioSocketChannel.java:330) ~[netty-transport-4.1.43.Final.jar:4.1.43.Final]
	at io.netty.channel.nio.AbstractNioChannel$AbstractNioUnsafe.finishConnect(AbstractNioChannel.java:334) ~[netty-transport-4.1.43.Final.jar:4.1.43.Final]
	at io.netty.channel.nio.NioEventLoop.processSelectedKey(NioEventLoop.java:688) ~[netty-transport-4.1.43.Final.jar:4.1.43.Final]
	at io.netty.channel.nio.NioEventLoop.processSelectedKeysOptimized(NioEventLoop.java:635) ~[netty-transport-4.1.43.Final.jar:4.1.43.Final]
	at io.netty.channel.nio.NioEventLoop.processSelectedKeys(NioEventLoop.java:552) ~[netty-transport-4.1.43.Final.jar:4.1.43.Final]
	at io.netty.channel.nio.NioEventLoop.run(NioEventLoop.java:514) ~[netty-transport-4.1.43.Final.jar:4.1.43.Final]
	at io.netty.util.concurrent.SingleThreadEventExecutor$6.run(SingleThreadEventExecutor.java:1050) ~[netty-common-4.1.43.Final.jar:4.1.43.Final]
	at io.netty.util.internal.ThreadExecutorMap$2.run(ThreadExecutorMap.java:74) ~[netty-common-4.1.43.Final.jar:4.1.43.Final]
	at io.netty.util.concurrent.FastThreadLocalRunnable.run(FastThreadLocalRunnable.java:30) ~[netty-common-4.1.43.Final.jar:4.1.43.Final]
	at java.lang.Thread.run(Thread.java:748) ~[na:1.8.0_232]

2020-04-29 16:39:03.906  WARN 24032 --- [main] JpaBaseConfiguration$JpaWebConfiguration : spring.jpa.open-in-view is enabled by default. Therefore, database queries may be performed during view rendering. Explicitly configure spring.jpa.open-in-view to disable this warning
2020-04-29 16:39:10.607  WARN 24032 --- [boundedElastic-1] o.s.b.a.r.RedisReactiveHealthIndicator   : Redis health check failed

org.springframework.data.redis.RedisConnectionFailureException: Unable to connect to Redis; nested exception is io.lettuce.core.RedisConnectionException: Unable to connect to localhost:6379
	at org.springframework.data.redis.connection.lettuce.LettuceConnectionFactory$SharedConnection.getNativeConnection(LettuceConnectionFactory.java:1200) ~[spring-data-redis-2.2.1.RELEASE.jar:2.2.1.RELEASE]
	at org.springframework.data.redis.connection.lettuce.LettuceConnectionFactory$SharedConnection.getConnection(LettuceConnectionFactory.java:1179) ~[spring-data-redis-2.2.1.RELEASE.jar:2.2.1.RELEASE]
	at org.springframework.data.redis.connection.lettuce.LettuceConnectionFactory.getSharedReactiveConnection(LettuceConnectionFactory.java:952) ~[spring-data-redis-2.2.1.RELEASE.jar:2.2.1.RELEASE]
	at org.springframework.data.redis.connection.lettuce.LettuceConnectionFactory.getReactiveConnection(LettuceConnectionFactory.java:429) ~[spring-data-redis-2.2.1.RELEASE.jar:2.2.1.RELEASE]
	at org.springframework.data.redis.connection.lettuce.LettuceConnectionFactory.getReactiveConnection(LettuceConnectionFactory.java:94) ~[spring-data-redis-2.2.1.RELEASE.jar:2.2.1.RELEASE]
	at reactor.core.publisher.MonoSupplier.call(MonoSupplier.java:85) ~[reactor-core-3.3.0.RELEASE.jar:3.3.0.RELEASE]
	at reactor.core.publisher.FluxSubscribeOnCallable$CallableSubscribeOnSubscription.run(FluxSubscribeOnCallable.java:225) ~[reactor-core-3.3.0.RELEASE.jar:3.3.0.RELEASE]
	at reactor.core.scheduler.SchedulerTask.call(SchedulerTask.java:68) ~[reactor-core-3.3.0.RELEASE.jar:3.3.0.RELEASE]
	at reactor.core.scheduler.SchedulerTask.call(SchedulerTask.java:28) ~[reactor-core-3.3.0.RELEASE.jar:3.3.0.RELEASE]
	at java.util.concurrent.FutureTask.run(FutureTask.java:266) ~[na:1.8.0_232]
	at java.util.concurrent.ScheduledThreadPoolExecutor$ScheduledFutureTask.access$201(ScheduledThreadPoolExecutor.java:180) ~[na:1.8.0_232]
	at java.util.concurrent.ScheduledThreadPoolExecutor$ScheduledFutureTask.run(ScheduledThreadPoolExecutor.java:293) ~[na:1.8.0_232]
	at java.util.concurrent.ThreadPoolExecutor.runWorker(ThreadPoolExecutor.java:1149) ~[na:1.8.0_232]
	at java.util.concurrent.ThreadPoolExecutor$Worker.run(ThreadPoolExecutor.java:624) ~[na:1.8.0_232]
	at java.lang.Thread.run(Thread.java:748) ~[na:1.8.0_232]
Caused by: io.lettuce.core.RedisConnectionException: Unable to connect to localhost:6379
	at io.lettuce.core.RedisConnectionException.create(RedisConnectionException.java:78) ~[lettuce-core-5.2.1.RELEASE.jar:5.2.1.RELEASE]
	at io.lettuce.core.RedisConnectionException.create(RedisConnectionException.java:56) ~[lettuce-core-5.2.1.RELEASE.jar:5.2.1.RELEASE]
	at io.lettuce.core.AbstractRedisClient.getConnection(AbstractRedisClient.java:234) ~[lettuce-core-5.2.1.RELEASE.jar:5.2.1.RELEASE]
	at io.lettuce.core.RedisClient.connect(RedisClient.java:207) ~[lettuce-core-5.2.1.RELEASE.jar:5.2.1.RELEASE]
	at org.springframework.data.redis.connection.lettuce.StandaloneConnectionProvider.lambda$getConnection$1(StandaloneConnectionProvider.java:115) ~[spring-data-redis-2.2.1.RELEASE.jar:2.2.1.RELEASE]
	at java.util.Optional.orElseGet(Optional.java:267) ~[na:1.8.0_232]
	at org.springframework.data.redis.connection.lettuce.StandaloneConnectionProvider.getConnection(StandaloneConnectionProvider.java:115) ~[spring-data-redis-2.2.1.RELEASE.jar:2.2.1.RELEASE]
	at org.springframework.data.redis.connection.lettuce.LettuceConnectionFactory$SharedConnection.getNativeConnection(LettuceConnectionFactory.java:1198) ~[spring-data-redis-2.2.1.RELEASE.jar:2.2.1.RELEASE]
	... 14 common frames omitted
Caused by: io.netty.channel.AbstractChannel$AnnotatedConnectException: Connection refused: no further information: localhost/127.0.0.1:6379
Caused by: java.net.ConnectException: Connection refused: no further information
	at sun.nio.ch.SocketChannelImpl.checkConnect(Native Method) ~[na:1.8.0_232]
	at sun.nio.ch.SocketChannelImpl.finishConnect(SocketChannelImpl.java:717) ~[na:1.8.0_232]
	at io.netty.channel.socket.nio.NioSocketChannel.doFinishConnect(NioSocketChannel.java:330) ~[netty-transport-4.1.43.Final.jar:4.1.43.Final]
	at io.netty.channel.nio.AbstractNioChannel$AbstractNioUnsafe.finishConnect(AbstractNioChannel.java:334) ~[netty-transport-4.1.43.Final.jar:4.1.43.Final]
	at io.netty.channel.nio.NioEventLoop.processSelectedKey(NioEventLoop.java:688) ~[netty-transport-4.1.43.Final.jar:4.1.43.Final]
	at io.netty.channel.nio.NioEventLoop.processSelectedKeysOptimized(NioEventLoop.java:635) ~[netty-transport-4.1.43.Final.jar:4.1.43.Final]
	at io.netty.channel.nio.NioEventLoop.processSelectedKeys(NioEventLoop.java:552) ~[netty-transport-4.1.43.Final.jar:4.1.43.Final]
	at io.netty.channel.nio.NioEventLoop.run(NioEventLoop.java:514) ~[netty-transport-4.1.43.Final.jar:4.1.43.Final]
	at io.netty.util.concurrent.SingleThreadEventExecutor$6.run(SingleThreadEventExecutor.java:1050) ~[netty-common-4.1.43.Final.jar:4.1.43.Final]
	at io.netty.util.internal.ThreadExecutorMap$2.run(ThreadExecutorMap.java:74) ~[netty-common-4.1.43.Final.jar:4.1.43.Final]
	at io.netty.util.concurrent.FastThreadLocalRunnable.run(FastThreadLocalRunnable.java:30) ~[netty-common-4.1.43.Final.jar:4.1.43.Final]
	at java.lang.Thread.run(Thread.java:748) ~[na:1.8.0_232]

2020-04-29 16:39:13.038  WARN 24032 --- [boundedElastic-1] o.s.b.a.r.RedisReactiveHealthIndicator   : Redis health check failed

org.springframework.data.redis.RedisConnectionFailureException: Unable to connect to Redis; nested exception is io.lettuce.core.RedisConnectionException: Unable to connect to localhost:6379
	at org.springframework.data.redis.connection.lettuce.LettuceConnectionFactory$SharedConnection.getNativeConnection(LettuceConnectionFactory.java:1200) ~[spring-data-redis-2.2.1.RELEASE.jar:2.2.1.RELEASE]
	at org.springframework.data.redis.connection.lettuce.LettuceConnectionFactory$SharedConnection.getConnection(LettuceConnectionFactory.java:1179) ~[spring-data-redis-2.2.1.RELEASE.jar:2.2.1.RELEASE]
	at org.springframework.data.redis.connection.lettuce.LettuceConnectionFactory.getSharedReactiveConnection(LettuceConnectionFactory.java:952) ~[spring-data-redis-2.2.1.RELEASE.jar:2.2.1.RELEASE]
	at org.springframework.data.redis.connection.lettuce.LettuceConnectionFactory.getReactiveConnection(LettuceConnectionFactory.java:429) ~[spring-data-redis-2.2.1.RELEASE.jar:2.2.1.RELEASE]
	at org.springframework.data.redis.connection.lettuce.LettuceConnectionFactory.getReactiveConnection(LettuceConnectionFactory.java:94) ~[spring-data-redis-2.2.1.RELEASE.jar:2.2.1.RELEASE]
	at reactor.core.publisher.MonoSupplier.call(MonoSupplier.java:85) ~[reactor-core-3.3.0.RELEASE.jar:3.3.0.RELEASE]
	at reactor.core.publisher.FluxSubscribeOnCallable$CallableSubscribeOnSubscription.run(FluxSubscribeOnCallable.java:225) ~[reactor-core-3.3.0.RELEASE.jar:3.3.0.RELEASE]
	at reactor.core.scheduler.SchedulerTask.call(SchedulerTask.java:68) ~[reactor-core-3.3.0.RELEASE.jar:3.3.0.RELEASE]
	at reactor.core.scheduler.SchedulerTask.call(SchedulerTask.java:28) ~[reactor-core-3.3.0.RELEASE.jar:3.3.0.RELEASE]
	at java.util.concurrent.FutureTask.run(FutureTask.java:266) ~[na:1.8.0_232]
	at java.util.concurrent.ScheduledThreadPoolExecutor$ScheduledFutureTask.access$201(ScheduledThreadPoolExecutor.java:180) ~[na:1.8.0_232]
	at java.util.concurrent.ScheduledThreadPoolExecutor$ScheduledFutureTask.run(ScheduledThreadPoolExecutor.java:293) ~[na:1.8.0_232]
	at java.util.concurrent.ThreadPoolExecutor.runWorker(ThreadPoolExecutor.java:1149) ~[na:1.8.0_232]
	at java.util.concurrent.ThreadPoolExecutor$Worker.run(ThreadPoolExecutor.java:624) ~[na:1.8.0_232]
	at java.lang.Thread.run(Thread.java:748) ~[na:1.8.0_232]
Caused by: io.lettuce.core.RedisConnectionException: Unable to connect to localhost:6379
	at io.lettuce.core.RedisConnectionException.create(RedisConnectionException.java:78) ~[lettuce-core-5.2.1.RELEASE.jar:5.2.1.RELEASE]
	at io.lettuce.core.RedisConnectionException.create(RedisConnectionException.java:56) ~[lettuce-core-5.2.1.RELEASE.jar:5.2.1.RELEASE]
	at io.lettuce.core.AbstractRedisClient.getConnection(AbstractRedisClient.java:234) ~[lettuce-core-5.2.1.RELEASE.jar:5.2.1.RELEASE]
	at io.lettuce.core.RedisClient.connect(RedisClient.java:207) ~[lettuce-core-5.2.1.RELEASE.jar:5.2.1.RELEASE]
	at org.springframework.data.redis.connection.lettuce.StandaloneConnectionProvider.lambda$getConnection$1(StandaloneConnectionProvider.java:115) ~[spring-data-redis-2.2.1.RELEASE.jar:2.2.1.RELEASE]
	at java.util.Optional.orElseGet(Optional.java:267) ~[na:1.8.0_232]
	at org.springframework.data.redis.connection.lettuce.StandaloneConnectionProvider.getConnection(StandaloneConnectionProvider.java:115) ~[spring-data-redis-2.2.1.RELEASE.jar:2.2.1.RELEASE]
	at org.springframework.data.redis.connection.lettuce.LettuceConnectionFactory$SharedConnection.getNativeConnection(LettuceConnectionFactory.java:1198) ~[spring-data-redis-2.2.1.RELEASE.jar:2.2.1.RELEASE]
	... 14 common frames omitted
Caused by: io.netty.channel.AbstractChannel$AnnotatedConnectException: Connection refused: no further information: localhost/127.0.0.1:6379
Caused by: java.net.ConnectException: Connection refused: no further information
	at sun.nio.ch.SocketChannelImpl.checkConnect(Native Method) ~[na:1.8.0_232]
	at sun.nio.ch.SocketChannelImpl.finishConnect(SocketChannelImpl.java:717) ~[na:1.8.0_232]
	at io.netty.channel.socket.nio.NioSocketChannel.doFinishConnect(NioSocketChannel.java:330) ~[netty-transport-4.1.43.Final.jar:4.1.43.Final]
	at io.netty.channel.nio.AbstractNioChannel$AbstractNioUnsafe.finishConnect(AbstractNioChannel.java:334) ~[netty-transport-4.1.43.Final.jar:4.1.43.Final]
	at io.netty.channel.nio.NioEventLoop.processSelectedKey(NioEventLoop.java:688) ~[netty-transport-4.1.43.Final.jar:4.1.43.Final]
	at io.netty.channel.nio.NioEventLoop.processSelectedKeysOptimized(NioEventLoop.java:635) ~[netty-transport-4.1.43.Final.jar:4.1.43.Final]
	at io.netty.channel.nio.NioEventLoop.processSelectedKeys(NioEventLoop.java:552) ~[netty-transport-4.1.43.Final.jar:4.1.43.Final]
	at io.netty.channel.nio.NioEventLoop.run(NioEventLoop.java:514) ~[netty-transport-4.1.43.Final.jar:4.1.43.Final]
	at io.netty.util.concurrent.SingleThreadEventExecutor$6.run(SingleThreadEventExecutor.java:1050) ~[netty-common-4.1.43.Final.jar:4.1.43.Final]
	at io.netty.util.internal.ThreadExecutorMap$2.run(ThreadExecutorMap.java:74) ~[netty-common-4.1.43.Final.jar:4.1.43.Final]
	at io.netty.util.concurrent.FastThreadLocalRunnable.run(FastThreadLocalRunnable.java:30) ~[netty-common-4.1.43.Final.jar:4.1.43.Final]
	at java.lang.Thread.run(Thread.java:748) ~[na:1.8.0_232]

2020-04-29 16:39:17.377  WARN 24032 --- [boundedElastic-1] o.s.b.a.r.RedisReactiveHealthIndicator   : Redis health check failed

org.springframework.data.redis.RedisConnectionFailureException: Unable to connect to Redis; nested exception is io.lettuce.core.RedisConnectionException: Unable to connect to localhost:6379
	at org.springframework.data.redis.connection.lettuce.LettuceConnectionFactory$SharedConnection.getNativeConnection(LettuceConnectionFactory.java:1200) ~[spring-data-redis-2.2.1.RELEASE.jar:2.2.1.RELEASE]
	at org.springframework.data.redis.connection.lettuce.LettuceConnectionFactory$SharedConnection.getConnection(LettuceConnectionFactory.java:1179) ~[spring-data-redis-2.2.1.RELEASE.jar:2.2.1.RELEASE]
	at org.springframework.data.redis.connection.lettuce.LettuceConnectionFactory.getSharedReactiveConnection(LettuceConnectionFactory.java:952) ~[spring-data-redis-2.2.1.RELEASE.jar:2.2.1.RELEASE]
	at org.springframework.data.redis.connection.lettuce.LettuceConnectionFactory.getReactiveConnection(LettuceConnectionFactory.java:429) ~[spring-data-redis-2.2.1.RELEASE.jar:2.2.1.RELEASE]
	at org.springframework.data.redis.connection.lettuce.LettuceConnectionFactory.getReactiveConnection(LettuceConnectionFactory.java:94) ~[spring-data-redis-2.2.1.RELEASE.jar:2.2.1.RELEASE]
	at reactor.core.publisher.MonoSupplier.call(MonoSupplier.java:85) ~[reactor-core-3.3.0.RELEASE.jar:3.3.0.RELEASE]
	at reactor.core.publisher.FluxSubscribeOnCallable$CallableSubscribeOnSubscription.run(FluxSubscribeOnCallable.java:225) ~[reactor-core-3.3.0.RELEASE.jar:3.3.0.RELEASE]
	at reactor.core.scheduler.SchedulerTask.call(SchedulerTask.java:68) ~[reactor-core-3.3.0.RELEASE.jar:3.3.0.RELEASE]
	at reactor.core.scheduler.SchedulerTask.call(SchedulerTask.java:28) ~[reactor-core-3.3.0.RELEASE.jar:3.3.0.RELEASE]
	at java.util.concurrent.FutureTask.run(FutureTask.java:266) ~[na:1.8.0_232]
	at java.util.concurrent.ScheduledThreadPoolExecutor$ScheduledFutureTask.access$201(ScheduledThreadPoolExecutor.java:180) ~[na:1.8.0_232]
	at java.util.concurrent.ScheduledThreadPoolExecutor$ScheduledFutureTask.run(ScheduledThreadPoolExecutor.java:293) ~[na:1.8.0_232]
	at java.util.concurrent.ThreadPoolExecutor.runWorker(ThreadPoolExecutor.java:1149) ~[na:1.8.0_232]
	at java.util.concurrent.ThreadPoolExecutor$Worker.run(ThreadPoolExecutor.java:624) ~[na:1.8.0_232]
	at java.lang.Thread.run(Thread.java:748) ~[na:1.8.0_232]
Caused by: io.lettuce.core.RedisConnectionException: Unable to connect to localhost:6379
	at io.lettuce.core.RedisConnectionException.create(RedisConnectionException.java:78) ~[lettuce-core-5.2.1.RELEASE.jar:5.2.1.RELEASE]
	at io.lettuce.core.RedisConnectionException.create(RedisConnectionException.java:56) ~[lettuce-core-5.2.1.RELEASE.jar:5.2.1.RELEASE]
	at io.lettuce.core.AbstractRedisClient.getConnection(AbstractRedisClient.java:234) ~[lettuce-core-5.2.1.RELEASE.jar:5.2.1.RELEASE]
	at io.lettuce.core.RedisClient.connect(RedisClient.java:207) ~[lettuce-core-5.2.1.RELEASE.jar:5.2.1.RELEASE]
	at org.springframework.data.redis.connection.lettuce.StandaloneConnectionProvider.lambda$getConnection$1(StandaloneConnectionProvider.java:115) ~[spring-data-redis-2.2.1.RELEASE.jar:2.2.1.RELEASE]
	at java.util.Optional.orElseGet(Optional.java:267) ~[na:1.8.0_232]
	at org.springframework.data.redis.connection.lettuce.StandaloneConnectionProvider.getConnection(StandaloneConnectionProvider.java:115) ~[spring-data-redis-2.2.1.RELEASE.jar:2.2.1.RELEASE]
	at org.springframework.data.redis.connection.lettuce.LettuceConnectionFactory$SharedConnection.getNativeConnection(LettuceConnectionFactory.java:1198) ~[spring-data-redis-2.2.1.RELEASE.jar:2.2.1.RELEASE]
	... 14 common frames omitted
Caused by: io.netty.channel.AbstractChannel$AnnotatedConnectException: Connection refused: no further information: localhost/127.0.0.1:6379
Caused by: java.net.ConnectException: Connection refused: no further information
	at sun.nio.ch.SocketChannelImpl.checkConnect(Native Method) ~[na:1.8.0_232]
	at sun.nio.ch.SocketChannelImpl.finishConnect(SocketChannelImpl.java:717) ~[na:1.8.0_232]
	at io.netty.channel.socket.nio.NioSocketChannel.doFinishConnect(NioSocketChannel.java:330) ~[netty-transport-4.1.43.Final.jar:4.1.43.Final]
	at io.netty.channel.nio.AbstractNioChannel$AbstractNioUnsafe.finishConnect(AbstractNioChannel.java:334) ~[netty-transport-4.1.43.Final.jar:4.1.43.Final]
	at io.netty.channel.nio.NioEventLoop.processSelectedKey(NioEventLoop.java:688) ~[netty-transport-4.1.43.Final.jar:4.1.43.Final]
	at io.netty.channel.nio.NioEventLoop.processSelectedKeysOptimized(NioEventLoop.java:635) ~[netty-transport-4.1.43.Final.jar:4.1.43.Final]
	at io.netty.channel.nio.NioEventLoop.processSelectedKeys(NioEventLoop.java:552) ~[netty-transport-4.1.43.Final.jar:4.1.43.Final]
	at io.netty.channel.nio.NioEventLoop.run(NioEventLoop.java:514) ~[netty-transport-4.1.43.Final.jar:4.1.43.Final]
	at io.netty.util.concurrent.SingleThreadEventExecutor$6.run(SingleThreadEventExecutor.java:1050) ~[netty-common-4.1.43.Final.jar:4.1.43.Final]
	at io.netty.util.internal.ThreadExecutorMap$2.run(ThreadExecutorMap.java:74) ~[netty-common-4.1.43.Final.jar:4.1.43.Final]
	at io.netty.util.concurrent.FastThreadLocalRunnable.run(FastThreadLocalRunnable.java:30) ~[netty-common-4.1.43.Final.jar:4.1.43.Final]
	at java.lang.Thread.run(Thread.java:748) ~[na:1.8.0_232]

2020-04-29 16:39:33.270  WARN 24032 --- [boundedElastic-1] o.s.b.a.r.RedisReactiveHealthIndicator   : Redis health check failed

org.springframework.data.redis.RedisConnectionFailureException: Unable to connect to Redis; nested exception is io.lettuce.core.RedisConnectionException: Unable to connect to localhost:6379
	at org.springframework.data.redis.connection.lettuce.LettuceConnectionFactory$SharedConnection.getNativeConnection(LettuceConnectionFactory.java:1200) ~[spring-data-redis-2.2.1.RELEASE.jar:2.2.1.RELEASE]
	at org.springframework.data.redis.connection.lettuce.LettuceConnectionFactory$SharedConnection.getConnection(LettuceConnectionFactory.java:1179) ~[spring-data-redis-2.2.1.RELEASE.jar:2.2.1.RELEASE]
	at org.springframework.data.redis.connection.lettuce.LettuceConnectionFactory.getSharedReactiveConnection(LettuceConnectionFactory.java:952) ~[spring-data-redis-2.2.1.RELEASE.jar:2.2.1.RELEASE]
	at org.springframework.data.redis.connection.lettuce.LettuceConnectionFactory.getReactiveConnection(LettuceConnectionFactory.java:429) ~[spring-data-redis-2.2.1.RELEASE.jar:2.2.1.RELEASE]
	at org.springframework.data.redis.connection.lettuce.LettuceConnectionFactory.getReactiveConnection(LettuceConnectionFactory.java:94) ~[spring-data-redis-2.2.1.RELEASE.jar:2.2.1.RELEASE]
	at reactor.core.publisher.MonoSupplier.call(MonoSupplier.java:85) ~[reactor-core-3.3.0.RELEASE.jar:3.3.0.RELEASE]
	at reactor.core.publisher.FluxSubscribeOnCallable$CallableSubscribeOnSubscription.run(FluxSubscribeOnCallable.java:225) ~[reactor-core-3.3.0.RELEASE.jar:3.3.0.RELEASE]
	at reactor.core.scheduler.SchedulerTask.call(SchedulerTask.java:68) ~[reactor-core-3.3.0.RELEASE.jar:3.3.0.RELEASE]
	at reactor.core.scheduler.SchedulerTask.call(SchedulerTask.java:28) ~[reactor-core-3.3.0.RELEASE.jar:3.3.0.RELEASE]
	at java.util.concurrent.FutureTask.run(FutureTask.java:266) ~[na:1.8.0_232]
	at java.util.concurrent.ScheduledThreadPoolExecutor$ScheduledFutureTask.access$201(ScheduledThreadPoolExecutor.java:180) ~[na:1.8.0_232]
	at java.util.concurrent.ScheduledThreadPoolExecutor$ScheduledFutureTask.run(ScheduledThreadPoolExecutor.java:293) ~[na:1.8.0_232]
	at java.util.concurrent.ThreadPoolExecutor.runWorker(ThreadPoolExecutor.java:1149) ~[na:1.8.0_232]
	at java.util.concurrent.ThreadPoolExecutor$Worker.run(ThreadPoolExecutor.java:624) ~[na:1.8.0_232]
	at java.lang.Thread.run(Thread.java:748) ~[na:1.8.0_232]
Caused by: io.lettuce.core.RedisConnectionException: Unable to connect to localhost:6379
	at io.lettuce.core.RedisConnectionException.create(RedisConnectionException.java:78) ~[lettuce-core-5.2.1.RELEASE.jar:5.2.1.RELEASE]
	at io.lettuce.core.RedisConnectionException.create(RedisConnectionException.java:56) ~[lettuce-core-5.2.1.RELEASE.jar:5.2.1.RELEASE]
	at io.lettuce.core.AbstractRedisClient.getConnection(AbstractRedisClient.java:234) ~[lettuce-core-5.2.1.RELEASE.jar:5.2.1.RELEASE]
	at io.lettuce.core.RedisClient.connect(RedisClient.java:207) ~[lettuce-core-5.2.1.RELEASE.jar:5.2.1.RELEASE]
	at org.springframework.data.redis.connection.lettuce.StandaloneConnectionProvider.lambda$getConnection$1(StandaloneConnectionProvider.java:115) ~[spring-data-redis-2.2.1.RELEASE.jar:2.2.1.RELEASE]
	at java.util.Optional.orElseGet(Optional.java:267) ~[na:1.8.0_232]
	at org.springframework.data.redis.connection.lettuce.StandaloneConnectionProvider.getConnection(StandaloneConnectionProvider.java:115) ~[spring-data-redis-2.2.1.RELEASE.jar:2.2.1.RELEASE]
	at org.springframework.data.redis.connection.lettuce.LettuceConnectionFactory$SharedConnection.getNativeConnection(LettuceConnectionFactory.java:1198) ~[spring-data-redis-2.2.1.RELEASE.jar:2.2.1.RELEASE]
	... 14 common frames omitted
Caused by: io.netty.channel.AbstractChannel$AnnotatedConnectException: Connection refused: no further information: localhost/127.0.0.1:6379
Caused by: java.net.ConnectException: Connection refused: no further information
	at sun.nio.ch.SocketChannelImpl.checkConnect(Native Method) ~[na:1.8.0_232]
	at sun.nio.ch.SocketChannelImpl.finishConnect(SocketChannelImpl.java:717) ~[na:1.8.0_232]
	at io.netty.channel.socket.nio.NioSocketChannel.doFinishConnect(NioSocketChannel.java:330) ~[netty-transport-4.1.43.Final.jar:4.1.43.Final]
	at io.netty.channel.nio.AbstractNioChannel$AbstractNioUnsafe.finishConnect(AbstractNioChannel.java:334) ~[netty-transport-4.1.43.Final.jar:4.1.43.Final]
	at io.netty.channel.nio.NioEventLoop.processSelectedKey(NioEventLoop.java:688) ~[netty-transport-4.1.43.Final.jar:4.1.43.Final]
	at io.netty.channel.nio.NioEventLoop.processSelectedKeysOptimized(NioEventLoop.java:635) ~[netty-transport-4.1.43.Final.jar:4.1.43.Final]
	at io.netty.channel.nio.NioEventLoop.processSelectedKeys(NioEventLoop.java:552) ~[netty-transport-4.1.43.Final.jar:4.1.43.Final]
	at io.netty.channel.nio.NioEventLoop.run(NioEventLoop.java:514) ~[netty-transport-4.1.43.Final.jar:4.1.43.Final]
	at io.netty.util.concurrent.SingleThreadEventExecutor$6.run(SingleThreadEventExecutor.java:1050) ~[netty-common-4.1.43.Final.jar:4.1.43.Final]
	at io.netty.util.internal.ThreadExecutorMap$2.run(ThreadExecutorMap.java:74) ~[netty-common-4.1.43.Final.jar:4.1.43.Final]
	at io.netty.util.concurrent.FastThreadLocalRunnable.run(FastThreadLocalRunnable.java:30) ~[netty-common-4.1.43.Final.jar:4.1.43.Final]
	at java.lang.Thread.run(Thread.java:748) ~[na:1.8.0_232]

2020-04-29 17:27:13.025  WARN 4600 --- [main] JpaBaseConfiguration$JpaWebConfiguration : spring.jpa.open-in-view is enabled by default. Therefore, database queries may be performed during view rendering. Explicitly configure spring.jpa.open-in-view to disable this warning
